<?xml version="1.0" encoding="UTF-8"?>
<testng-results ignored="0" total="2" passed="2" failed="0" skipped="0">
  <reporter-output>
  </reporter-output>
  <suite started-at="2024-08-15T01:19:08 IST" name="All Test Suite" finished-at="2024-08-15T01:19:27 IST" duration-ms="19542">
    <groups>
    </groups>
    <test started-at="2024-08-15T01:19:08 IST" name="Login page Test" finished-at="2024-08-15T01:19:21 IST" duration-ms="12735">
      <class name="com.automationexcercise.testCases.TC01_OpenLoginPage">
        <test-method is-config="true" signature="startReport()[pri:0, instance:com.automationexcercise.testCases.TC01_OpenLoginPage@6622fc65]" started-at="2024-08-15T01:19:08 IST" name="startReport" finished-at="2024-08-15T01:19:08 IST" duration-ms="170" status="PASS">
          <reporter-output>
          </reporter-output>
        </test-method> <!-- startReport -->
        <test-method is-config="true" signature="setup()[pri:0, instance:com.automationexcercise.testCases.TC01_OpenLoginPage@6622fc65]" started-at="2024-08-15T01:19:08 IST" name="setup" finished-at="2024-08-15T01:19:16 IST" duration-ms="7979" status="PASS">
          <reporter-output>
          </reporter-output>
        </test-method> <!-- setup -->
        <test-method signature="openLoginPage()[pri:0, instance:com.automationexcercise.testCases.TC01_OpenLoginPage@6622fc65]" started-at="2024-08-15T01:19:16 IST" name="openLoginPage" finished-at="2024-08-15T01:19:18 IST" duration-ms="1702" status="PASS">
          <reporter-output>
          </reporter-output>
        </test-method> <!-- openLoginPage -->
        <test-method is-config="true" signature="tearDown()[pri:0, instance:com.automationexcercise.testCases.TC01_OpenLoginPage@6622fc65]" started-at="2024-08-15T01:19:18 IST" name="tearDown" finished-at="2024-08-15T01:19:20 IST" duration-ms="1724" status="PASS">
          <reporter-output>
          </reporter-output>
        </test-method> <!-- tearDown -->
        <test-method is-config="true" signature="endReport()[pri:0, instance:com.automationexcercise.testCases.TC01_OpenLoginPage@6622fc65]" started-at="2024-08-15T01:19:20 IST" name="endReport" finished-at="2024-08-15T01:19:21 IST" duration-ms="1118" status="PASS">
          <reporter-output>
          </reporter-output>
        </test-method> <!-- endReport -->
      </class> <!-- com.automationexcercise.testCases.TC01_OpenLoginPage -->
    </test> <!-- Login page Test -->
    <test started-at="2024-08-15T01:19:08 IST" name="User Login Test" finished-at="2024-08-15T01:19:27 IST" duration-ms="19542">
      <class name="com.automationexcercise.testCases.TC02_UserLogin">
        <test-method is-config="true" signature="startReport()[pri:0, instance:com.automationexcercise.testCases.TC02_UserLogin@3d97a632]" started-at="2024-08-15T01:19:08 IST" name="startReport" finished-at="2024-08-15T01:19:08 IST" duration-ms="171" status="PASS">
          <reporter-output>
          </reporter-output>
        </test-method> <!-- startReport -->
        <test-method is-config="true" signature="setup()[pri:0, instance:com.automationexcercise.testCases.TC02_UserLogin@3d97a632]" started-at="2024-08-15T01:19:09 IST" name="setup" finished-at="2024-08-15T01:19:18 IST" duration-ms="8954" status="PASS">
          <reporter-output>
          </reporter-output>
        </test-method> <!-- setup -->
        <test-method signature="userLogin(java.lang.String,java.lang.String)[pri:0, instance:com.automationexcercise.testCases.TC02_UserLogin@3d97a632]" started-at="2024-08-15T01:19:18 IST" name="userLogin" data-provider="loginData" finished-at="2024-08-15T01:19:26 IST" duration-ms="8230" status="PASS">
          <params>
            <param index="0">
              <value>
                <![CDATA[QAAutomationClasses@gmail.com]]>
              </value>
            </param>
            <param index="1">
              <value>
                <![CDATA[QAAutomationClasses]]>
              </value>
            </param>
          </params>
          <reporter-output>
          </reporter-output>
        </test-method> <!-- userLogin -->
        <test-method is-config="true" signature="tearDown()[pri:0, instance:com.automationexcercise.testCases.TC02_UserLogin@3d97a632]" started-at="2024-08-15T01:19:26 IST" name="tearDown" finished-at="2024-08-15T01:19:27 IST" duration-ms="1446" status="PASS">
          <reporter-output>
          </reporter-output>
        </test-method> <!-- tearDown -->
        <test-method is-config="true" signature="endReport()[pri:0, instance:com.automationexcercise.testCases.TC02_UserLogin@3d97a632]" started-at="2024-08-15T01:19:27 IST" name="endReport" finished-at="2024-08-15T01:19:27 IST" duration-ms="19" status="PASS">
          <reporter-output>
          </reporter-output>
        </test-method> <!-- endReport -->
      </class> <!-- com.automationexcercise.testCases.TC02_UserLogin -->
    </test> <!-- User Login Test -->
  </suite> <!-- All Test Suite -->
</testng-results>
