<?xml version="1.0" encoding="UTF-8"?>
<testng-results ignored="0" total="2" passed="2" failed="0" skipped="0">
  <reporter-output>
  </reporter-output>
  <suite started-at="2024-08-15T02:21:03 IST" name="Suite" finished-at="2024-08-15T02:21:19 IST" duration-ms="16671">
    <groups>
    </groups>
    <test started-at="2024-08-15T02:21:03 IST" name="Test" finished-at="2024-08-15T02:21:19 IST" duration-ms="16671">
      <class name="com.automationexcercise.testCases.TC02_UserLogin">
        <test-method is-config="true" signature="startReport()[pri:0, instance:com.automationexcercise.testCases.TC02_UserLogin@9597028]" started-at="2024-08-15T02:21:03 IST" name="startReport" finished-at="2024-08-15T02:21:03 IST" duration-ms="0" status="PASS">
          <reporter-output>
          </reporter-output>
        </test-method> <!-- startReport -->
        <test-method is-config="true" signature="setup()[pri:0, instance:com.automationexcercise.testCases.TC02_UserLogin@9597028]" started-at="2024-08-15T02:21:04 IST" name="setup" finished-at="2024-08-15T02:21:09 IST" duration-ms="4723" status="PASS">
          <reporter-output>
          </reporter-output>
        </test-method> <!-- setup -->
        <test-method signature="userLogin(java.lang.String,java.lang.String)[pri:0, instance:com.automationexcercise.testCases.TC02_UserLogin@9597028]" started-at="2024-08-15T02:21:09 IST" name="userLogin" data-provider="loginData" finished-at="2024-08-15T02:21:13 IST" duration-ms="4751" status="PASS">
          <params>
            <param index="0">
              <value>
                <![CDATA[QAAutomationClasses@gmail.com]]>
              </value>
            </param>
            <param index="1">
              <value>
                <![CDATA[QAAutomationClasses]]>
              </value>
            </param>
          </params>
          <reporter-output>
          </reporter-output>
        </test-method> <!-- userLogin -->
        <test-method is-config="true" signature="tearDown()[pri:0, instance:com.automationexcercise.testCases.TC02_UserLogin@9597028]" started-at="2024-08-15T02:21:13 IST" name="tearDown" finished-at="2024-08-15T02:21:14 IST" duration-ms="286" status="PASS">
          <reporter-output>
          </reporter-output>
        </test-method> <!-- tearDown -->
        <test-method is-config="true" signature="endReport()[pri:0, instance:com.automationexcercise.testCases.TC02_UserLogin@9597028]" started-at="2024-08-15T02:21:19 IST" name="endReport" finished-at="2024-08-15T02:21:19 IST" duration-ms="12" status="PASS">
          <reporter-output>
          </reporter-output>
        </test-method> <!-- endReport -->
      </class> <!-- com.automationexcercise.testCases.TC02_UserLogin -->
      <class name="com.automationexcercise.testCases.TC01_OpenLoginPage">
        <test-method is-config="true" signature="startReport()[pri:0, instance:com.automationexcercise.testCases.TC01_OpenLoginPage@5b8dfcc1]" started-at="2024-08-15T02:21:03 IST" name="startReport" finished-at="2024-08-15T02:21:03 IST" duration-ms="197" status="PASS">
          <reporter-output>
          </reporter-output>
        </test-method> <!-- startReport -->
        <test-method is-config="true" signature="setup()[pri:0, instance:com.automationexcercise.testCases.TC01_OpenLoginPage@5b8dfcc1]" started-at="2024-08-15T02:21:14 IST" name="setup" finished-at="2024-08-15T02:21:17 IST" duration-ms="3749" status="PASS">
          <reporter-output>
          </reporter-output>
        </test-method> <!-- setup -->
        <test-method signature="openLoginPage()[pri:0, instance:com.automationexcercise.testCases.TC01_OpenLoginPage@5b8dfcc1]" started-at="2024-08-15T02:21:17 IST" name="openLoginPage" finished-at="2024-08-15T02:21:19 IST" duration-ms="1469" status="PASS">
          <reporter-output>
          </reporter-output>
        </test-method> <!-- openLoginPage -->
        <test-method is-config="true" signature="tearDown()[pri:0, instance:com.automationexcercise.testCases.TC01_OpenLoginPage@5b8dfcc1]" started-at="2024-08-15T02:21:19 IST" name="tearDown" finished-at="2024-08-15T02:21:19 IST" duration-ms="182" status="PASS">
          <reporter-output>
          </reporter-output>
        </test-method> <!-- tearDown -->
        <test-method is-config="true" signature="endReport()[pri:0, instance:com.automationexcercise.testCases.TC01_OpenLoginPage@5b8dfcc1]" started-at="2024-08-15T02:21:19 IST" name="endReport" finished-at="2024-08-15T02:21:19 IST" duration-ms="328" status="PASS">
          <reporter-output>
          </reporter-output>
        </test-method> <!-- endReport -->
      </class> <!-- com.automationexcercise.testCases.TC01_OpenLoginPage -->
    </test> <!-- Test -->
  </suite> <!-- Suite -->
</testng-results>
