<?xml version="1.0" encoding="UTF-8"?>
<testng-results ignored="0" total="2" passed="2" failed="0" skipped="0">
  <reporter-output>
  </reporter-output>
  <suite started-at="2024-08-15T01:38:30 IST" name="Suite" finished-at="2024-08-15T01:38:47 IST" duration-ms="16890">
    <groups>
    </groups>
    <test started-at="2024-08-15T01:38:30 IST" name="Test" finished-at="2024-08-15T01:38:47 IST" duration-ms="16890">
      <class name="com.automationexcercise.testCases.TC02_UserLogin">
        <test-method is-config="true" signature="startReport()[pri:0, instance:com.automationexcercise.testCases.TC02_UserLogin@4d5d943d]" started-at="2024-08-15T01:38:30 IST" name="startReport" finished-at="2024-08-15T01:38:30 IST" duration-ms="0" status="PASS">
          <reporter-output>
          </reporter-output>
        </test-method> <!-- startReport -->
        <test-method is-config="true" signature="setup()[pri:0, instance:com.automationexcercise.testCases.TC02_UserLogin@4d5d943d]" started-at="2024-08-15T01:38:31 IST" name="setup" finished-at="2024-08-15T01:38:36 IST" duration-ms="4777" status="PASS">
          <reporter-output>
          </reporter-output>
        </test-method> <!-- setup -->
        <test-method signature="userLogin(java.lang.String,java.lang.String)[pri:0, instance:com.automationexcercise.testCases.TC02_UserLogin@4d5d943d]" started-at="2024-08-15T01:38:36 IST" name="userLogin" data-provider="loginData" finished-at="2024-08-15T01:38:41 IST" duration-ms="5639" status="PASS">
          <params>
            <param index="0">
              <value>
                <![CDATA[QAAutomationClasses@gmail.com]]>
              </value>
            </param>
            <param index="1">
              <value>
                <![CDATA[QAAutomationClasses]]>
              </value>
            </param>
          </params>
          <reporter-output>
          </reporter-output>
        </test-method> <!-- userLogin -->
        <test-method is-config="true" signature="tearDown()[pri:0, instance:com.automationexcercise.testCases.TC02_UserLogin@4d5d943d]" started-at="2024-08-15T01:38:41 IST" name="tearDown" finished-at="2024-08-15T01:38:42 IST" duration-ms="337" status="PASS">
          <reporter-output>
          </reporter-output>
        </test-method> <!-- tearDown -->
        <test-method is-config="true" signature="endReport()[pri:0, instance:com.automationexcercise.testCases.TC02_UserLogin@4d5d943d]" started-at="2024-08-15T01:38:47 IST" name="endReport" finished-at="2024-08-15T01:38:47 IST" duration-ms="10" status="PASS">
          <reporter-output>
          </reporter-output>
        </test-method> <!-- endReport -->
      </class> <!-- com.automationexcercise.testCases.TC02_UserLogin -->
      <class name="com.automationexcercise.testCases.TC01_OpenLoginPage">
        <test-method is-config="true" signature="startReport()[pri:0, instance:com.automationexcercise.testCases.TC01_OpenLoginPage@55141def]" started-at="2024-08-15T01:38:30 IST" name="startReport" finished-at="2024-08-15T01:38:30 IST" duration-ms="213" status="PASS">
          <reporter-output>
          </reporter-output>
        </test-method> <!-- startReport -->
        <test-method is-config="true" signature="setup()[pri:0, instance:com.automationexcercise.testCases.TC01_OpenLoginPage@55141def]" started-at="2024-08-15T01:38:42 IST" name="setup" finished-at="2024-08-15T01:38:45 IST" duration-ms="3425" status="PASS">
          <reporter-output>
          </reporter-output>
        </test-method> <!-- setup -->
        <test-method signature="openLoginPage()[pri:0, instance:com.automationexcercise.testCases.TC01_OpenLoginPage@55141def]" started-at="2024-08-15T01:38:45 IST" name="openLoginPage" finished-at="2024-08-15T01:38:46 IST" duration-ms="1187" status="PASS">
          <reporter-output>
          </reporter-output>
        </test-method> <!-- openLoginPage -->
        <test-method is-config="true" signature="tearDown()[pri:0, instance:com.automationexcercise.testCases.TC01_OpenLoginPage@55141def]" started-at="2024-08-15T01:38:46 IST" name="tearDown" finished-at="2024-08-15T01:38:46 IST" duration-ms="214" status="PASS">
          <reporter-output>
          </reporter-output>
        </test-method> <!-- tearDown -->
        <test-method is-config="true" signature="endReport()[pri:0, instance:com.automationexcercise.testCases.TC01_OpenLoginPage@55141def]" started-at="2024-08-15T01:38:46 IST" name="endReport" finished-at="2024-08-15T01:38:47 IST" duration-ms="214" status="PASS">
          <reporter-output>
          </reporter-output>
        </test-method> <!-- endReport -->
      </class> <!-- com.automationexcercise.testCases.TC01_OpenLoginPage -->
    </test> <!-- Test -->
  </suite> <!-- Suite -->
</testng-results>
